This is pdfTeX, Version 3.1415926-1.40.10 (TeX Live 2009/Debian) (format=pdflatex 2011.4.7)  18 AUG 2011 13:41
entering extended mode
 %&-line parsing enabled.
**paper
(./paper.tex
LaTeX2e <2009/09/24>
Babel <v3.8l> and hyphenation patterns for english, usenglishmax, dumylang, noh
yphenation, loaded.
(/usr/share/texmf-texlive/tex/latex/base/article.cls
Document Class: article 2007/10/19 v1.4h Standard LaTeX document class
(/usr/share/texmf-texlive/tex/latex/base/size10.clo
File: size10.clo 2007/10/19 v1.4h Standard LaTeX file (size option)
)
\c@part=\count79
\c@section=\count80
\c@subsection=\count81
\c@subsubsection=\count82
\c@paragraph=\count83
\c@subparagraph=\count84
\c@figure=\count85
\c@table=\count86
\abovecaptionskip=\skip41
\belowcaptionskip=\skip42
\bibindent=\dimen102
)
(/usr/share/texmf-texlive/tex/latex/algorithmicx/algpseudocode.sty
Package: algpseudocode 

(/usr/share/texmf-texlive/tex/latex/base/ifthen.sty
Package: ifthen 2001/05/26 v1.1c Standard LaTeX ifthen package (DPC)
)
(/usr/share/texmf-texlive/tex/latex/algorithmicx/algorithmicx.sty
Package: algorithmicx 2005/04/27 v1.2 Algorithmicx

Document Style algorithmicx 1.2 - a greatly improved `algorithmic' style
\c@ALG@line=\count87
\c@ALG@rem=\count88
\c@ALG@nested=\count89
\ALG@tlm=\skip43
\ALG@thistlm=\skip44
\c@ALG@Lnr=\count90
\c@ALG@blocknr=\count91
\c@ALG@storecount=\count92
\c@ALG@tmpcounter=\count93
\ALG@tmplength=\skip45
)
Document Style - pseudocode environments for use with the `algorithmicx' style
) (/usr/share/texmf-texlive/tex/latex/algorithms/algorithm.sty
Package: algorithm 2009/08/24 v0.1 Document Style `algorithm' - floating enviro
nment

(/usr/share/texmf-texlive/tex/latex/float/float.sty
Package: float 2001/11/08 v1.3d Float enhancements (AL)
\c@float@type=\count94
\float@exts=\toks14
\float@box=\box26
\@float@everytoks=\toks15
\@floatcapt=\box27
)
\@float@every@algorithm=\toks16
\c@algorithm=\count95
)
(/usr/share/texmf-texlive/tex/latex/ltxmisc/url.sty
\Urlmuskip=\muskip10
Package: url 2006/04/12  ver 3.3  Verb mode for urls, etc.
)
(/usr/share/texmf-texlive/tex/latex/ltxmisc/framed.sty
Package: framed 2007/10/04 v 0.95: framed or shaded text with page breaks
\fb@frw=\dimen103
\fb@frh=\dimen104
\FrameRule=\dimen105
\FrameSep=\dimen106
)
(/usr/share/texmf-texlive/tex/latex/amsfonts/amsfonts.sty
Package: amsfonts 2009/06/22 v3.00 Basic AMSFonts support
\@emptytoks=\toks17
\symAMSa=\mathgroup4
\symAMSb=\mathgroup5
LaTeX Font Info:    Overwriting math alphabet `\mathfrak' in version `bold'
(Font)                  U/euf/m/n --> U/euf/b/n on input line 96.
)
(/usr/share/texmf-texlive/tex/latex/amsmath/amsmath.sty
Package: amsmath 2000/07/18 v2.13 AMS math features
\@mathmargin=\skip46

For additional information on amsmath, use the `?' option.
(/usr/share/texmf-texlive/tex/latex/amsmath/amstext.sty
Package: amstext 2000/06/29 v2.01

(/usr/share/texmf-texlive/tex/latex/amsmath/amsgen.sty
File: amsgen.sty 1999/11/30 v2.0
\@emptytoks=\toks18
\ex@=\dimen107
))
(/usr/share/texmf-texlive/tex/latex/amsmath/amsbsy.sty
Package: amsbsy 1999/11/29 v1.2d
\pmbraise@=\dimen108
)
(/usr/share/texmf-texlive/tex/latex/amsmath/amsopn.sty
Package: amsopn 1999/12/14 v2.01 operator names
)
\inf@bad=\count96
LaTeX Info: Redefining \frac on input line 211.
\uproot@=\count97
\leftroot@=\count98
LaTeX Info: Redefining \overline on input line 307.
\classnum@=\count99
\DOTSCASE@=\count100
LaTeX Info: Redefining \ldots on input line 379.
LaTeX Info: Redefining \dots on input line 382.
LaTeX Info: Redefining \cdots on input line 467.
\Mathstrutbox@=\box28
\strutbox@=\box29
\big@size=\dimen109
LaTeX Font Info:    Redeclaring font encoding OML on input line 567.
LaTeX Font Info:    Redeclaring font encoding OMS on input line 568.
\macc@depth=\count101
\c@MaxMatrixCols=\count102
\dotsspace@=\muskip11
\c@parentequation=\count103
\dspbrk@lvl=\count104
\tag@help=\toks19
\row@=\count105
\column@=\count106
\maxfields@=\count107
\andhelp@=\toks20
\eqnshift@=\dimen110
\alignsep@=\dimen111
\tagshift@=\dimen112
\tagwidth@=\dimen113
\totwidth@=\dimen114
\lineht@=\dimen115
\@envbody=\toks21
\multlinegap=\skip47
\multlinetaggap=\skip48
\mathdisplay@stack=\toks22
LaTeX Info: Redefining \[ on input line 2666.
LaTeX Info: Redefining \] on input line 2667.
)
(/usr/share/texmf-texlive/tex/latex/amscls/amsthm.sty
Package: amsthm 2004/08/06 v2.20
\thm@style=\toks23
\thm@bodyfont=\toks24
\thm@headfont=\toks25
\thm@notefont=\toks26
\thm@headpunct=\toks27
\thm@preskip=\skip49
\thm@postskip=\skip50
\thm@headsep=\skip51
\dth@everypar=\toks28
)
(/usr/share/texmf-texlive/tex/latex/amsfonts/amssymb.sty
Package: amssymb 2009/06/22 v3.00
)
(/usr/share/texmf-texlive/tex/latex/graphics/graphicx.sty
Package: graphicx 1999/02/16 v1.0f Enhanced LaTeX Graphics (DPC,SPQR)

(/usr/share/texmf-texlive/tex/latex/graphics/keyval.sty
Package: keyval 1999/03/16 v1.13 key=value parser (DPC)
\KV@toks@=\toks29
)
(/usr/share/texmf-texlive/tex/latex/graphics/graphics.sty
Package: graphics 2009/02/05 v1.0o Standard LaTeX Graphics (DPC,SPQR)

(/usr/share/texmf-texlive/tex/latex/graphics/trig.sty
Package: trig 1999/03/16 v1.09 sin cos tan (DPC)
)
(/etc/texmf/tex/latex/config/graphics.cfg
File: graphics.cfg 2009/08/28 v1.8 graphics configuration of TeX Live
)
Package graphics Info: Driver file: pdftex.def on input line 91.

(/usr/share/texmf-texlive/tex/latex/pdftex-def/pdftex.def
File: pdftex.def 2009/08/25 v0.04m Graphics/color for pdfTeX
\Gread@gobject=\count108
))
\Gin@req@height=\dimen116
\Gin@req@width=\dimen117
)
(/usr/share/texmf-texlive/tex/latex/graphics/color.sty
Package: color 2005/11/14 v1.0j Standard LaTeX Color (DPC)

(/etc/texmf/tex/latex/config/color.cfg
File: color.cfg 2007/01/18 v1.5 color configuration of teTeX/TeXLive
)
Package color Info: Driver file: pdftex.def on input line 130.
)
(/usr/share/texmf-texlive/tex/latex/geometry/geometry.sty
Package: geometry 2008/12/21 v4.2 Page Geometry

(/usr/share/texmf-texlive/tex/generic/oberdiek/ifpdf.sty
Package: ifpdf 2009/04/10 v2.0 Provides the ifpdf switch (HO)
Package ifpdf Info: pdfTeX in pdf mode detected.
)
(/usr/share/texmf-texlive/tex/generic/oberdiek/ifvtex.sty
Package: ifvtex 2008/11/04 v1.4 Switches for detecting VTeX and its modes (HO)
Package ifvtex Info: VTeX not detected.
)
\Gm@cnth=\count109
\Gm@cntv=\count110
\c@Gm@tempcnt=\count111
\Gm@bindingoffset=\dimen118
\Gm@wd@mp=\dimen119
\Gm@odd@mp=\dimen120
\Gm@even@mp=\dimen121
\Gm@dimlist=\toks30
)
\c@lemma=\count112
 (./paper.aux)
\openout1 = `paper.aux'.

LaTeX Font Info:    Checking defaults for OML/cmm/m/it on input line 29.
LaTeX Font Info:    ... okay on input line 29.
LaTeX Font Info:    Checking defaults for T1/cmr/m/n on input line 29.
LaTeX Font Info:    ... okay on input line 29.
LaTeX Font Info:    Checking defaults for OT1/cmr/m/n on input line 29.
LaTeX Font Info:    ... okay on input line 29.
LaTeX Font Info:    Checking defaults for OMS/cmsy/m/n on input line 29.
LaTeX Font Info:    ... okay on input line 29.
LaTeX Font Info:    Checking defaults for OMX/cmex/m/n on input line 29.
LaTeX Font Info:    ... okay on input line 29.
LaTeX Font Info:    Checking defaults for U/cmr/m/n on input line 29.
LaTeX Font Info:    ... okay on input line 29.

(/usr/share/texmf-texlive/tex/context/base/supp-pdf.mkii
[Loading MPS to PDF converter (version 2006.09.02).]
\scratchcounter=\count113
\scratchdimen=\dimen122
\scratchbox=\box30
\nofMPsegments=\count114
\nofMParguments=\count115
\everyMPshowfont=\toks31
\MPscratchCnt=\count116
\MPscratchDim=\dimen123
\MPnumerator=\count117
\everyMPtoPDFconversion=\toks32
)
*geometry auto-detecting driver*
*geometry detected driver: pdftex*
-------------------- Geometry parameters
paper: class default
landscape: --
twocolumn: --
twoside: --
asymmetric: --
h-parts: 86.72377pt, 440.84746pt, 86.72377pt
v-parts: 86.72377pt, 621.52245pt, 86.72377pt
hmarginratio: --
vmarginratio: --
lines: --
heightrounded: --
bindingoffset: 0.0pt
truedimen: --
includehead: --
includefoot: --
includemp: --
driver: pdftex
-------------------- Page layout dimensions and switches
\paperwidth  614.295pt
\paperheight 794.96999pt
\textwidth  440.84746pt
\textheight 621.52245pt
\oddsidemargin  14.45378pt
\evensidemargin 14.45378pt
\topmargin  -22.54622pt
\headheight 12.0pt
\headsep    25.0pt
\footskip   30.0pt
\marginparwidth 65.0pt
\marginparsep   11.0pt
\columnsep  10.0pt
\skip\footins  9.0pt plus 4.0pt minus 2.0pt
\hoffset 0.0pt
\voffset 0.0pt
\mag 1000

(1in=72.27pt, 1cm=28.45pt)
-----------------------
LaTeX Font Info:    Try loading font information for U+msa on input line 31.
(/usr/share/texmf-texlive/tex/latex/amsfonts/umsa.fd
File: umsa.fd 2009/06/22 v3.00 AMS symbols A
)
LaTeX Font Info:    Try loading font information for U+msb on input line 31.

(/usr/share/texmf-texlive/tex/latex/amsfonts/umsb.fd
File: umsb.fd 2009/06/22 v3.00 AMS symbols B
)
LaTeX Font Info:    Try loading font information for OMS+cmr on input line 31.

(/usr/share/texmf-texlive/tex/latex/base/omscmr.fd
File: omscmr.fd 1999/05/25 v2.5h Standard LaTeX font definitions
)
LaTeX Font Info:    Font shape `OMS/cmr/m/n' in size <12> not available
(Font)              Font shape `OMS/cmsy/m/n' tried instead on input line 31.
 [1

{/var/lib/texmf/fonts/map/pdftex/updmap/pdftex.map}]
LaTeX Font Info:    Font shape `OMS/cmr/m/n' in size <10> not available
(Font)              Font shape `OMS/cmsy/m/n' tried instead on input line 120.
 [2] [3]
<onelevel-tree.pdf, id=29, 181.67876pt x 105.39375pt>
File: onelevel-tree.pdf Graphic file (type pdf)
 <use onelevel-tree.pdf>
<flat-trilevel-k=64-uqb=8.pdf, id=30, 400.49625pt x 292.09125pt>
File: flat-trilevel-k=64-uqb=8.pdf Graphic file (type pdf)

<use flat-trilevel-k=64-uqb=8.pdf>
Overfull \hbox (2.2222pt too wide) in paragraph at lines 269--281
[]$[]$ $[]$
 []

[4 <./onelevel-tree.pdf> <./flat-trilevel-k=64-uqb=8.pdf>]
<twolevel-tree.pdf, id=67, 266.9975pt x 204.765pt>
File: twolevel-tree.pdf Graphic file (type pdf)
 <use twolevel-tree.pdf>
<tree-identity-k=16-uqb=8.pdf, id=68, 400.49625pt x 285.065pt>
File: tree-identity-k=16-uqb=8.pdf Graphic file (type pdf)

<use tree-identity-k=16-uqb=8.pdf>
<tree-identity-k=64-uqb=8.pdf, id=69, 404.51125pt x 285.065pt>
File: tree-identity-k=64-uqb=8.pdf Graphic file (type pdf)

<use tree-identity-k=64-uqb=8.pdf>
Overfull \hbox (2.2222pt too wide) in paragraph at lines 308--322
[]$[]$ $[]$
 []

<costs-size=6-group=median.pdf, id=70, 400.49625pt x 251.94125pt>
File: costs-size=6-group=median.pdf Graphic file (type pdf)

<use costs-size=6-group=median.pdf>
<costs-size=6-group=minimum.pdf, id=71, 400.49625pt x 251.94125pt>
File: costs-size=6-group=minimum.pdf Graphic file (type pdf)

<use costs-size=6-group=minimum.pdf>
Overfull \hbox (2.2222pt too wide) in paragraph at lines 340--350
[][] [] 
 []

<costs-size=6-nsamples=199.pdf, id=72, 400.49625pt x 251.94125pt>
File: costs-size=6-nsamples=199.pdf Graphic file (type pdf)

<use costs-size=6-nsamples=199.pdf>
<costs-size=6-nsamples=397.pdf, id=73, 400.49625pt x 251.94125pt>
File: costs-size=6-nsamples=397.pdf Graphic file (type pdf)

<use costs-size=6-nsamples=397.pdf>
<costs-size=6-nsamples=793.pdf, id=74, 400.49625pt x 258.9675pt>
File: costs-size=6-nsamples=793.pdf Graphic file (type pdf)

<use costs-size=6-nsamples=793.pdf>
<costs-size=6-nsamples=1585.pdf, id=75, 400.49625pt x 251.94125pt>
File: costs-size=6-nsamples=1585.pdf Graphic file (type pdf)

<use costs-size=6-nsamples=1585.pdf>
Overfull \hbox (2.2222pt too wide) in paragraph at lines 360--376
[][] [] 
 []

<costs-size=3-nsamples=397.pdf, id=76, 400.49625pt x 255.95625pt>
File: costs-size=3-nsamples=397.pdf Graphic file (type pdf)

<use costs-size=3-nsamples=397.pdf>
File: costs-size=6-nsamples=397.pdf Graphic file (type pdf)
 <use costs-size=6-nsamples=397.pdf>
<costs-size=10-nsamples=397.pdf, id=77, 400.49625pt x 251.94125pt>
File: costs-size=10-nsamples=397.pdf Graphic file (type pdf)

<use costs-size=10-nsamples=397.pdf>
Overfull \hbox (3.99373pt too wide) in paragraph at lines 387--402
[][] [] [] 
 []

<rcq-size=6-nsamples=199.pdf, id=78, 400.49625pt x 251.94125pt>
File: rcq-size=6-nsamples=199.pdf Graphic file (type pdf)

<use rcq-size=6-nsamples=199.pdf>
<rcq-size=6-nsamples=397.pdf, id=79, 400.49625pt x 251.94125pt>
File: rcq-size=6-nsamples=397.pdf Graphic file (type pdf)

<use rcq-size=6-nsamples=397.pdf>
<rcq-size=6-nsamples=793.pdf, id=80, 400.49625pt x 257.96375pt>
File: rcq-size=6-nsamples=793.pdf Graphic file (type pdf)

<use rcq-size=6-nsamples=793.pdf>
<rcq-size=6-nsamples=1585.pdf, id=81, 400.49625pt x 251.94125pt>
File: rcq-size=6-nsamples=1585.pdf Graphic file (type pdf)

<use rcq-size=6-nsamples=1585.pdf>
Overfull \hbox (2.2222pt too wide) in paragraph at lines 415--431
[][] [] 
 []

[5 <./twolevel-tree.pdf> <./tree-identity-k=16-uqb=8.pdf> <./tree-identity-k=64
-uqb=8.pdf>] (./paper.bbl
Missing character: There is no Ã in font cmr10!
Missing character: There is no ¤ in font cmr10!
 [6 <./costs-size=6-group=median.pdf> <./costs-size=6-group=minimum.pdf>]) [7 <
./costs-size=6-nsamples=199.pdf> <./costs-size=6-nsamples=397.pdf> <./costs-siz
e=6-nsamples=793.pdf> <./costs-size=6-nsamples=1585.pdf> <./costs-size=3-nsampl
es=397.pdf> <./costs-size=10-nsamples=397.pdf>]
[8 <./rcq-size=6-nsamples=199.pdf> <./rcq-size=6-nsamples=397.pdf> <./rcq-size=
6-nsamples=793.pdf> <./rcq-size=6-nsamples=1585.pdf>] (./paper.aux) ) 
Here is how much of TeX's memory you used:
 3170 strings out of 495061
 41766 string characters out of 1182622
 101206 words of memory out of 3000000
 6287 multiletter control sequences out of 15000+50000
 12757 words of font info for 49 fonts, out of 3000000 for 9000
 28 hyphenation exceptions out of 8191
 27i,9n,29p,276b,296s stack positions out of 5000i,500n,10000p,200000b,50000s
</usr/shar
e/texmf-texlive/fonts/type1/public/amsfonts/cm/cmbx10.pfb></usr/share/texmf-tex
live/fonts/type1/public/amsfonts/cm/cmbx12.pfb></usr/share/texmf-texlive/fonts/
type1/public/amsfonts/cm/cmbx9.pfb></usr/share/texmf-texlive/fonts/type1/public
/amsfonts/cm/cmcsc10.pfb></usr/share/texmf-texlive/fonts/type1/public/amsfonts/
cm/cmex10.pfb></usr/share/texmf-texlive/fonts/type1/public/amsfonts/cm/cmmi10.p
fb></usr/share/texmf-texlive/fonts/type1/public/amsfonts/cm/cmmi5.pfb></usr/sha
re/texmf-texlive/fonts/type1/public/amsfonts/cm/cmmi7.pfb></usr/share/texmf-tex
live/fonts/type1/public/amsfonts/cm/cmr10.pfb></usr/share/texmf-texlive/fonts/t
ype1/public/amsfonts/cm/cmr12.pfb></usr/share/texmf-texlive/fonts/type1/public/
amsfonts/cm/cmr17.pfb></usr/share/texmf-texlive/fonts/type1/public/amsfonts/cm/
cmr5.pfb></usr/share/texmf-texlive/fonts/type1/public/amsfonts/cm/cmr7.pfb></us
r/share/texmf-texlive/fonts/type1/public/amsfonts/cm/cmr8.pfb></usr/share/texmf
-texlive/fonts/type1/public/amsfonts/cm/cmr9.pfb></usr/share/texmf-texlive/font
s/type1/public/amsfonts/cm/cmsy10.pfb></usr/share/texmf-texlive/fonts/type1/pub
lic/amsfonts/cm/cmsy5.pfb></usr/share/texmf-texlive/fonts/type1/public/amsfonts
/cm/cmsy7.pfb></usr/share/texmf-texlive/fonts/type1/public/amsfonts/cm/cmti10.p
fb></usr/share/texmf-texlive/fonts/type1/public/amsfonts/symbols/msbm10.pfb>
Output written on paper.pdf (8 pages, 461359 bytes).
PDF statistics:
 308 PDF objects out of 1000 (max. 8388607)
 0 named destinations out of 1000 (max. 500000)
 86 words of extra memory for PDF output out of 10000 (max. 10000000)

